Sat Jul 30 11:11:22 2022,871 [10672] INFO VT - PearDatabase ->ADODB disconnect
Sat Jul 30 11:11:22 2022,978 [10672] DEBUG user - Entering Users() method ...
Sat Jul 30 11:11:22 2022,978 [10672] DEBUG VT - Entering getColumnFields(Users) method ...
Sat Jul 30 11:11:22 2022,978 [10672] DEBUG VT - in getColumnFields Users
Sat Jul 30 11:11:22 2022,978 [10672] DEBUG VT - Prepared sql query being executed : SELECT tabid, name, ownedby FROM vtiger_tab
Sat Jul 30 11:11:22 2022,979 [10672] DEBUG VT - Prepared sql query being executed : SELECT tabid, fieldname, fieldid, fieldlabel, columnname, tablename, uitype, typeofdata, presence
		FROM vtiger_field WHERE tabid in (?)
Sat Jul 30 11:11:22 2022,979 [10672] DEBUG VT - Prepared sql query parameters : [29]
Sat Jul 30 11:11:22 2022,987 [10672] DEBUG VT - Exiting getColumnFields method ...
Sat Jul 30 11:11:22 2022,987 [10672] DEBUG user - Exiting Users() method ...
Sat Jul 30 11:11:22 2022,987 [10672] DEBUG VT - Entering getColumnFields(Users) method ...
Sat Jul 30 11:11:22 2022,987 [10672] DEBUG VT - in getColumnFields Users
Sat Jul 30 11:11:22 2022,987 [10672] DEBUG VT - Exiting getColumnFields method ...
Sat Jul 30 11:11:22 2022,990 [10672] DEBUG VT - Prepared sql query being executed : SELECT * FROM vtiger_tab
Sat Jul 30 11:11:22 2022,991 [10672] DEBUG VT - Prepared sql query being executed : SELECT fieldname,modulename,tablename,entityidfield,entityidcolumn from vtiger_entityname
Sat Jul 30 11:11:22 2022,997 [10672] DEBUG VT - Prepared sql query being executed : SELECT * FROM vtiger_tab
Sat Jul 30 11:11:23 2022,052 [10672] DEBUG VT - Entering isPermitted(Home,DetailView,) method ...
Sat Jul 30 11:11:23 2022,054 [10672] DEBUG VT - Exiting isPermitted method ...
Sat Jul 30 11:11:23 2022,055 [10672] DEBUG VT - Entering isPermitted(Dashboard,DetailView,) method ...
Sat Jul 30 11:11:23 2022,057 [10672] DEBUG VT - Entering getActionid(DetailView) method ...
Sat Jul 30 11:11:23 2022,057 [10672] INFO VT - get Actionid DetailView
Sat Jul 30 11:11:23 2022,058 [10672] INFO VT - action id selected is 4
Sat Jul 30 11:11:23 2022,058 [10672] DEBUG VT - Exiting getActionid method ...
Sat Jul 30 11:11:23 2022,059 [10672] DEBUG VT - Entering getActionname(4) method ...
Sat Jul 30 11:11:23 2022,060 [10672] DEBUG VT - Exiting getActionname method ...
Sat Jul 30 11:11:23 2022,060 [10672] DEBUG VT - Exiting isPermitted method ...
Sat Jul 30 11:11:23 2022,066 [10672] DEBUG VT - Prepared sql query being executed : SELECT * FROM vtiger_links WHERE linktype IN (?)  and tabid IN (?,?,?,?,?,?,?,?,?,?,?,?,?,?,?,?,?,?,?,?,?,?,?,?,?,?,?,?,?,?,?,?,?,?,?,?,?,?,?)
Sat Jul 30 11:11:23 2022,066 [10672] DEBUG VT - Prepared sql query parameters : [HEADERSCRIPT,1,2,3,4,6,7,8,9,10,13,14,15,18,20,21,25,29,30,32,33,37,39,40,42,46,47,50,51,52,64,65,66,67,69,70,71,72,73,0]
Sat Jul 30 11:11:23 2022,083 [10672] DEBUG VT - Prepared sql query being executed : SELECT * FROM vtiger_links WHERE linktype IN (?)  and tabid IN (?,?,?,?,?,?,?,?,?,?,?,?,?,?,?,?,?,?,?,?,?,?,?,?,?,?,?,?,?,?,?,?,?,?,?,?,?,?,?)
Sat Jul 30 11:11:23 2022,083 [10672] DEBUG VT - Prepared sql query parameters : [HEADERCSS,1,2,3,4,6,7,8,9,10,13,14,15,18,20,21,25,29,30,32,33,37,39,40,42,46,47,50,51,52,64,65,66,67,69,70,71,72,73,0]
Sat Jul 30 11:11:23 2022,087 [10672] DEBUG VT - Prepared sql query being executed : SELECT * FROM vtiger_currency_info
Sat Jul 30 11:11:23 2022,090 [10672] DEBUG VT - Prepared sql query being executed : SELECT modulename,tablename,entityidfield,fieldname FROM vtiger_entityname
Sat Jul 30 11:11:23 2022,092 [10672] DEBUG VT - Prepared sql query being executed : SELECT * FROM vtiger_tab WHERE presence IN (?,?)
Sat Jul 30 11:11:23 2022,092 [10672] DEBUG VT - Prepared sql query parameters : [0,2]
Sat Jul 30 11:11:23 2022,111 [10672] DEBUG VT - Prepared sql query being executed : SELECT fieldname,modulename,tablename,entityidfield,entityidcolumn from vtiger_entityname
Sat Jul 30 11:11:23 2022,131 [10672] DEBUG VT - Prepared sql query being executed : SELECT * FROM vtiger_organizationdetails WHERE organization_id=?
Sat Jul 30 11:11:23 2022,131 [10672] DEBUG VT - Prepared sql query parameters : [1]
Sat Jul 30 11:11:23 2022,134 [10672] DEBUG VT - Entering getDisplayDate(2022-7-30) method ...
Sat Jul 30 11:11:23 2022,134 [10672] DEBUG VT - Exiting getDisplayDate method ...
Sat Jul 30 11:11:23 2022,136 [10672] DEBUG VT - Prepared sql query being executed : SELECT * FROM vtiger_app2tab WHERE visible = ? ORDER BY appname,sequence
Sat Jul 30 11:11:23 2022,136 [10672] DEBUG VT - Prepared sql query parameters : [1]
Sat Jul 30 11:11:23 2022,157 [10672] DEBUG VT - Prepared sql query being executed : SELECT * FROM vtiger_links WHERE linktype IN (?)  and tabid IN (?,?,?,?,?,?,?,?,?,?,?,?,?,?,?,?,?,?,?,?,?,?,?,?,?,?,?,?,?,?,?,?,?,?,?,?,?,?,?)
Sat Jul 30 11:11:23 2022,157 [10672] DEBUG VT - Prepared sql query parameters : [HEADERLINK,1,2,3,4,6,7,8,9,10,13,14,15,18,20,21,25,29,30,32,33,37,39,40,42,46,47,50,51,52,64,65,66,67,69,70,71,72,73,0]
Sat Jul 30 11:11:23 2022,161 [10672] DEBUG VT - Prepared sql query being executed : SELECT * FROM vtiger_actionmapping
Sat Jul 30 11:11:23 2022,167 [10672] DEBUG VT - Prepared sql query being executed : SELECT * FROM vtiger_links WHERE (tabid=? OR tabid=0) AND linktype IN (?,?)
Sat Jul 30 11:11:23 2022,167 [10672] DEBUG VT - Prepared sql query parameters : [3,SIDEBARLINK,SIDEBARWIDGET]
Sat Jul 30 11:11:23 2022,173 [10672] DEBUG VT - Prepared sql query being executed : SELECT * FROM vtiger_field WHERE tabid=? ORDER BY sequence
Sat Jul 30 11:11:23 2022,173 [10672] DEBUG VT - Prepared sql query parameters : [3]
Sat Jul 30 11:11:23 2022,178 [10672] DEBUG VT - Prepared sql query being executed : SELECT id,tabname,sequence,isdefault,appname,modulename FROM vtiger_dashboard_tabs WHERE userid=? ORDER BY sequence ASC 
Sat Jul 30 11:11:23 2022,178 [10672] DEBUG VT - Prepared sql query parameters : [86]
Sat Jul 30 11:11:23 2022,187 [10672] DEBUG VT - Prepared sql query being executed : SELECT * FROM vtiger_dashboard_tabs WHERE id=? 
Sat Jul 30 11:11:23 2022,188 [10672] DEBUG VT - Prepared sql query parameters : []
Sat Jul 30 11:11:23 2022,188 [10672] DEBUG VT - Prepared sql query being executed : SELECT * FROM vtiger_links WHERE linktype = ? AND tabid IN (?) AND linkid NOT IN (SELECT linkid FROM vtiger_module_dashboard_widgets WHERE userid = ? and dashboardtabid=? ) UNION SELECT * FROM vtiger_links WHERE linklabel in (?,?)
Sat Jul 30 11:11:23 2022,188 [10672] DEBUG VT - Prepared sql query parameters : [DASHBOARDWIDGET,3,86,,Mini List,Notebook]
Sat Jul 30 11:11:23 2022,208 [10672] DEBUG VT - Prepared sql query being executed : select visible from vtiger_homestuff where userid=? and stufftype='Tag Cloud'
Sat Jul 30 11:11:23 2022,208 [10672] DEBUG VT - Prepared sql query parameters : [86]
Sat Jul 30 11:11:23 2022,220 [10672] DEBUG VT - Entering isPermitted(Leads,CreateView,) method ...
Sat Jul 30 11:11:23 2022,223 [10672] DEBUG VT - Entering getActionid(CreateView) method ...
Sat Jul 30 11:11:23 2022,223 [10672] INFO VT - get Actionid CreateView
Sat Jul 30 11:11:23 2022,224 [10672] INFO VT - action id selected is 7
Sat Jul 30 11:11:23 2022,224 [10672] DEBUG VT - Exiting getActionid method ...
Sat Jul 30 11:11:23 2022,225 [10672] DEBUG VT - Entering getActionname(7) method ...
Sat Jul 30 11:11:23 2022,226 [10672] DEBUG VT - Exiting getActionname method ...
Sat Jul 30 11:11:23 2022,226 [10672] DEBUG VT - Exiting isPermitted method ...
Sat Jul 30 11:11:23 2022,226 [10672] DEBUG VT - Entering isPermitted(Leads,CreateView,) method ...
Sat Jul 30 11:11:23 2022,229 [10672] DEBUG VT - Entering getActionid(CreateView) method ...
Sat Jul 30 11:11:23 2022,229 [10672] INFO VT - get Actionid CreateView
Sat Jul 30 11:11:23 2022,230 [10672] INFO VT - action id selected is 7
Sat Jul 30 11:11:23 2022,230 [10672] DEBUG VT - Exiting getActionid method ...
Sat Jul 30 11:11:23 2022,230 [10672] DEBUG VT - Entering getActionname(7) method ...
Sat Jul 30 11:11:23 2022,231 [10672] DEBUG VT - Exiting getActionname method ...
Sat Jul 30 11:11:23 2022,231 [10672] DEBUG VT - Exiting isPermitted method ...
Sat Jul 30 11:11:23 2022,232 [10672] DEBUG VT - Entering isPermitted(Contacts,CreateView,) method ...
Sat Jul 30 11:11:23 2022,236 [10672] DEBUG VT - Entering getActionid(CreateView) method ...
Sat Jul 30 11:11:23 2022,236 [10672] INFO VT - get Actionid CreateView
Sat Jul 30 11:11:23 2022,237 [10672] INFO VT - action id selected is 7
Sat Jul 30 11:11:23 2022,237 [10672] DEBUG VT - Exiting getActionid method ...
Sat Jul 30 11:11:23 2022,238 [10672] DEBUG VT - Entering getActionname(7) method ...
Sat Jul 30 11:11:23 2022,239 [10672] DEBUG VT - Exiting getActionname method ...
Sat Jul 30 11:11:23 2022,239 [10672] DEBUG VT - Exiting isPermitted method ...
Sat Jul 30 11:11:23 2022,239 [10672] DEBUG VT - Entering isPermitted(Contacts,CreateView,) method ...
Sat Jul 30 11:11:23 2022,241 [10672] DEBUG VT - Entering getActionid(CreateView) method ...
Sat Jul 30 11:11:23 2022,241 [10672] INFO VT - get Actionid CreateView
Sat Jul 30 11:11:23 2022,242 [10672] INFO VT - action id selected is 7
Sat Jul 30 11:11:23 2022,242 [10672] DEBUG VT - Exiting getActionid method ...
Sat Jul 30 11:11:23 2022,243 [10672] DEBUG VT - Entering getActionname(7) method ...
Sat Jul 30 11:11:23 2022,244 [10672] DEBUG VT - Exiting getActionname method ...
Sat Jul 30 11:11:23 2022,244 [10672] DEBUG VT - Exiting isPermitted method ...
Sat Jul 30 11:11:23 2022,245 [10672] DEBUG VT - Entering isPermitted(Accounts,CreateView,) method ...
Sat Jul 30 11:11:23 2022,247 [10672] DEBUG VT - Entering getActionid(CreateView) method ...
Sat Jul 30 11:11:23 2022,247 [10672] INFO VT - get Actionid CreateView
Sat Jul 30 11:11:23 2022,248 [10672] INFO VT - action id selected is 7
Sat Jul 30 11:11:23 2022,249 [10672] DEBUG VT - Exiting getActionid method ...
Sat Jul 30 11:11:23 2022,250 [10672] DEBUG VT - Entering getActionname(7) method ...
Sat Jul 30 11:11:23 2022,251 [10672] DEBUG VT - Exiting getActionname method ...
Sat Jul 30 11:11:23 2022,251 [10672] DEBUG VT - Exiting isPermitted method ...
Sat Jul 30 11:11:23 2022,251 [10672] DEBUG VT - Entering isPermitted(Accounts,EditView,) method ...
Sat Jul 30 11:11:23 2022,254 [10672] DEBUG VT - Entering getActionid(EditView) method ...
Sat Jul 30 11:11:23 2022,254 [10672] INFO VT - get Actionid EditView
Sat Jul 30 11:11:23 2022,255 [10672] INFO VT - action id selected is 1
Sat Jul 30 11:11:23 2022,255 [10672] DEBUG VT - Exiting getActionid method ...
Sat Jul 30 11:11:23 2022,255 [10672] DEBUG VT - Entering getActionname(1) method ...
Sat Jul 30 11:11:23 2022,256 [10672] DEBUG VT - Exiting getActionname method ...
Sat Jul 30 11:11:23 2022,256 [10672] DEBUG VT - Exiting isPermitted method ...
Sat Jul 30 11:11:23 2022,256 [10672] DEBUG VT - Entering isPermitted(Accounts,CreateView,) method ...
Sat Jul 30 11:11:23 2022,259 [10672] DEBUG VT - Entering getActionid(CreateView) method ...
Sat Jul 30 11:11:23 2022,259 [10672] INFO VT - get Actionid CreateView
Sat Jul 30 11:11:23 2022,260 [10672] INFO VT - action id selected is 7
Sat Jul 30 11:11:23 2022,260 [10672] DEBUG VT - Exiting getActionid method ...
Sat Jul 30 11:11:23 2022,260 [10672] DEBUG VT - Entering getActionname(7) method ...
Sat Jul 30 11:11:23 2022,261 [10672] DEBUG VT - Exiting getActionname method ...
Sat Jul 30 11:11:23 2022,261 [10672] DEBUG VT - Exiting isPermitted method ...
Sat Jul 30 11:11:23 2022,261 [10672] DEBUG VT - Entering isPermitted(Accounts,EditView,) method ...
Sat Jul 30 11:11:23 2022,263 [10672] DEBUG VT - Entering getActionid(EditView) method ...
Sat Jul 30 11:11:23 2022,264 [10672] INFO VT - get Actionid EditView
Sat Jul 30 11:11:23 2022,265 [10672] INFO VT - action id selected is 1
Sat Jul 30 11:11:23 2022,265 [10672] DEBUG VT - Exiting getActionid method ...
Sat Jul 30 11:11:23 2022,265 [10672] DEBUG VT - Entering getActionname(1) method ...
Sat Jul 30 11:11:23 2022,266 [10672] DEBUG VT - Exiting getActionname method ...
Sat Jul 30 11:11:23 2022,266 [10672] DEBUG VT - Exiting isPermitted method ...
Sat Jul 30 11:11:23 2022,267 [10672] DEBUG VT - Entering isPermitted(Potentials,CreateView,) method ...
Sat Jul 30 11:11:23 2022,270 [10672] DEBUG VT - Entering getActionid(CreateView) method ...
Sat Jul 30 11:11:23 2022,270 [10672] INFO VT - get Actionid CreateView
Sat Jul 30 11:11:23 2022,271 [10672] INFO VT - action id selected is 7
Sat Jul 30 11:11:23 2022,271 [10672] DEBUG VT - Exiting getActionid method ...
Sat Jul 30 11:11:23 2022,272 [10672] DEBUG VT - Entering getActionname(7) method ...
Sat Jul 30 11:11:23 2022,273 [10672] DEBUG VT - Exiting getActionname method ...
Sat Jul 30 11:11:23 2022,273 [10672] DEBUG VT - Exiting isPermitted method ...
Sat Jul 30 11:11:23 2022,273 [10672] DEBUG VT - Entering isPermitted(Potentials,CreateView,) method ...
Sat Jul 30 11:11:23 2022,276 [10672] DEBUG VT - Entering getActionid(CreateView) method ...
Sat Jul 30 11:11:23 2022,276 [10672] INFO VT - get Actionid CreateView
Sat Jul 30 11:11:23 2022,277 [10672] INFO VT - action id selected is 7
Sat Jul 30 11:11:23 2022,277 [10672] DEBUG VT - Exiting getActionid method ...
Sat Jul 30 11:11:23 2022,277 [10672] DEBUG VT - Entering getActionname(7) method ...
Sat Jul 30 11:11:23 2022,278 [10672] DEBUG VT - Exiting getActionname method ...
Sat Jul 30 11:11:23 2022,278 [10672] DEBUG VT - Exiting isPermitted method ...
Sat Jul 30 11:11:23 2022,279 [10672] DEBUG VT - Entering isPermitted(Quotes,CreateView,) method ...
Sat Jul 30 11:11:23 2022,282 [10672] DEBUG VT - Entering getActionid(CreateView) method ...
Sat Jul 30 11:11:23 2022,282 [10672] INFO VT - get Actionid CreateView
Sat Jul 30 11:11:23 2022,283 [10672] INFO VT - action id selected is 7
Sat Jul 30 11:11:23 2022,283 [10672] DEBUG VT - Exiting getActionid method ...
Sat Jul 30 11:11:23 2022,284 [10672] DEBUG VT - Entering getActionname(7) method ...
Sat Jul 30 11:11:23 2022,285 [10672] DEBUG VT - Exiting getActionname method ...
Sat Jul 30 11:11:23 2022,285 [10672] DEBUG VT - Exiting isPermitted method ...
Sat Jul 30 11:11:23 2022,286 [10672] DEBUG VT - Entering isPermitted(Quotes,CreateView,) method ...
Sat Jul 30 11:11:23 2022,288 [10672] DEBUG VT - Entering getActionid(CreateView) method ...
Sat Jul 30 11:11:23 2022,288 [10672] INFO VT - get Actionid CreateView
Sat Jul 30 11:11:23 2022,289 [10672] INFO VT - action id selected is 7
Sat Jul 30 11:11:23 2022,289 [10672] DEBUG VT - Exiting getActionid method ...
Sat Jul 30 11:11:23 2022,289 [10672] DEBUG VT - Entering getActionname(7) method ...
Sat Jul 30 11:11:23 2022,290 [10672] DEBUG VT - Exiting getActionname method ...
Sat Jul 30 11:11:23 2022,290 [10672] DEBUG VT - Exiting isPermitted method ...
Sat Jul 30 11:11:23 2022,290 [10672] DEBUG VT - Entering isPermitted(HelpDesk,CreateView,) method ...
Sat Jul 30 11:11:23 2022,293 [10672] DEBUG VT - Entering getActionid(CreateView) method ...
Sat Jul 30 11:11:23 2022,293 [10672] INFO VT - get Actionid CreateView
Sat Jul 30 11:11:23 2022,294 [10672] INFO VT - action id selected is 7
Sat Jul 30 11:11:23 2022,294 [10672] DEBUG VT - Exiting getActionid method ...
Sat Jul 30 11:11:23 2022,295 [10672] DEBUG VT - Entering getActionname(7) method ...
Sat Jul 30 11:11:23 2022,298 [10672] DEBUG VT - Exiting getActionname method ...
Sat Jul 30 11:11:23 2022,298 [10672] DEBUG VT - Exiting isPermitted method ...
Sat Jul 30 11:11:23 2022,298 [10672] DEBUG VT - Entering isPermitted(HelpDesk,CreateView,) method ...
Sat Jul 30 11:11:23 2022,301 [10672] DEBUG VT - Entering getActionid(CreateView) method ...
Sat Jul 30 11:11:23 2022,301 [10672] INFO VT - get Actionid CreateView
Sat Jul 30 11:11:23 2022,303 [10672] INFO VT - action id selected is 7
Sat Jul 30 11:11:23 2022,304 [10672] DEBUG VT - Exiting getActionid method ...
Sat Jul 30 11:11:23 2022,304 [10672] DEBUG VT - Entering getActionname(7) method ...
Sat Jul 30 11:11:23 2022,305 [10672] DEBUG VT - Exiting getActionname method ...
Sat Jul 30 11:11:23 2022,305 [10672] DEBUG VT - Exiting isPermitted method ...
Sat Jul 30 11:11:23 2022,306 [10672] DEBUG VT - Entering isPermitted(Faq,CreateView,) method ...
Sat Jul 30 11:11:23 2022,308 [10672] DEBUG VT - Entering getActionid(CreateView) method ...
Sat Jul 30 11:11:23 2022,308 [10672] INFO VT - get Actionid CreateView
Sat Jul 30 11:11:23 2022,310 [10672] INFO VT - action id selected is 7
Sat Jul 30 11:11:23 2022,310 [10672] DEBUG VT - Exiting getActionid method ...
Sat Jul 30 11:11:23 2022,311 [10672] DEBUG VT - Entering getActionname(7) method ...
Sat Jul 30 11:11:23 2022,312 [10672] DEBUG VT - Exiting getActionname method ...
Sat Jul 30 11:11:23 2022,312 [10672] DEBUG VT - Exiting isPermitted method ...
Sat Jul 30 11:11:23 2022,312 [10672] DEBUG VT - Entering isPermitted(Faq,CreateView,) method ...
Sat Jul 30 11:11:23 2022,315 [10672] DEBUG VT - Entering getActionid(CreateView) method ...
Sat Jul 30 11:11:23 2022,315 [10672] INFO VT - get Actionid CreateView
Sat Jul 30 11:11:23 2022,317 [10672] INFO VT - action id selected is 7
Sat Jul 30 11:11:23 2022,317 [10672] DEBUG VT - Exiting getActionid method ...
Sat Jul 30 11:11:23 2022,317 [10672] DEBUG VT - Entering getActionname(7) method ...
Sat Jul 30 11:11:23 2022,318 [10672] DEBUG VT - Exiting getActionname method ...
Sat Jul 30 11:11:23 2022,318 [10672] DEBUG VT - Exiting isPermitted method ...
Sat Jul 30 11:11:23 2022,318 [10672] DEBUG VT - Entering isPermitted(Products,CreateView,) method ...
Sat Jul 30 11:11:23 2022,320 [10672] DEBUG VT - Entering getActionid(CreateView) method ...
Sat Jul 30 11:11:23 2022,321 [10672] INFO VT - get Actionid CreateView
Sat Jul 30 11:11:23 2022,322 [10672] INFO VT - action id selected is 7
Sat Jul 30 11:11:23 2022,322 [10672] DEBUG VT - Exiting getActionid method ...
Sat Jul 30 11:11:23 2022,323 [10672] DEBUG VT - Entering getActionname(7) method ...
Sat Jul 30 11:11:23 2022,324 [10672] DEBUG VT - Exiting getActionname method ...
Sat Jul 30 11:11:23 2022,324 [10672] DEBUG VT - Exiting isPermitted method ...
Sat Jul 30 11:11:23 2022,324 [10672] DEBUG VT - Entering isPermitted(Products,EditView,) method ...
Sat Jul 30 11:11:23 2022,327 [10672] DEBUG VT - Entering getActionid(EditView) method ...
Sat Jul 30 11:11:23 2022,327 [10672] INFO VT - get Actionid EditView
Sat Jul 30 11:11:23 2022,328 [10672] INFO VT - action id selected is 1
Sat Jul 30 11:11:23 2022,328 [10672] DEBUG VT - Exiting getActionid method ...
Sat Jul 30 11:11:23 2022,328 [10672] DEBUG VT - Entering getActionname(1) method ...
Sat Jul 30 11:11:23 2022,329 [10672] DEBUG VT - Exiting getActionname method ...
Sat Jul 30 11:11:23 2022,329 [10672] DEBUG VT - Exiting isPermitted method ...
Sat Jul 30 11:11:23 2022,329 [10672] DEBUG VT - Entering isPermitted(Products,CreateView,) method ...
Sat Jul 30 11:11:23 2022,332 [10672] DEBUG VT - Entering getActionid(CreateView) method ...
Sat Jul 30 11:11:23 2022,332 [10672] INFO VT - get Actionid CreateView
Sat Jul 30 11:11:23 2022,333 [10672] INFO VT - action id selected is 7
Sat Jul 30 11:11:23 2022,333 [10672] DEBUG VT - Exiting getActionid method ...
Sat Jul 30 11:11:23 2022,333 [10672] DEBUG VT - Entering getActionname(7) method ...
Sat Jul 30 11:11:23 2022,334 [10672] DEBUG VT - Exiting getActionname method ...
Sat Jul 30 11:11:23 2022,334 [10672] DEBUG VT - Exiting isPermitted method ...
Sat Jul 30 11:11:23 2022,334 [10672] DEBUG VT - Entering isPermitted(Products,EditView,) method ...
Sat Jul 30 11:11:23 2022,336 [10672] DEBUG VT - Entering getActionid(EditView) method ...
Sat Jul 30 11:11:23 2022,336 [10672] INFO VT - get Actionid EditView
Sat Jul 30 11:11:23 2022,336 [10672] INFO VT - action id selected is 1
Sat Jul 30 11:11:23 2022,336 [10672] DEBUG VT - Exiting getActionid method ...
Sat Jul 30 11:11:23 2022,336 [10672] DEBUG VT - Entering getActionname(1) method ...
Sat Jul 30 11:11:23 2022,337 [10672] DEBUG VT - Exiting getActionname method ...
Sat Jul 30 11:11:23 2022,337 [10672] DEBUG VT - Exiting isPermitted method ...
Sat Jul 30 11:11:23 2022,338 [10672] DEBUG VT - Entering isPermitted(Vendors,CreateView,) method ...
Sat Jul 30 11:11:23 2022,339 [10672] DEBUG VT - Entering getActionid(CreateView) method ...
Sat Jul 30 11:11:23 2022,339 [10672] INFO VT - get Actionid CreateView
Sat Jul 30 11:11:23 2022,340 [10672] INFO VT - action id selected is 7
Sat Jul 30 11:11:23 2022,340 [10672] DEBUG VT - Exiting getActionid method ...
Sat Jul 30 11:11:23 2022,340 [10672] DEBUG VT - Entering getActionname(7) method ...
Sat Jul 30 11:11:23 2022,341 [10672] DEBUG VT - Exiting getActionname method ...
Sat Jul 30 11:11:23 2022,341 [10672] DEBUG VT - Exiting isPermitted method ...
Sat Jul 30 11:11:23 2022,341 [10672] DEBUG VT - Entering isPermitted(Vendors,EditView,) method ...
Sat Jul 30 11:11:23 2022,343 [10672] DEBUG VT - Entering getActionid(EditView) method ...
Sat Jul 30 11:11:23 2022,343 [10672] INFO VT - get Actionid EditView
Sat Jul 30 11:11:23 2022,343 [10672] INFO VT - action id selected is 1
Sat Jul 30 11:11:23 2022,343 [10672] DEBUG VT - Exiting getActionid method ...
Sat Jul 30 11:11:23 2022,343 [10672] DEBUG VT - Entering getActionname(1) method ...
Sat Jul 30 11:11:23 2022,344 [10672] DEBUG VT - Exiting getActionname method ...
Sat Jul 30 11:11:23 2022,344 [10672] DEBUG VT - Exiting isPermitted method ...
Sat Jul 30 11:11:23 2022,344 [10672] DEBUG VT - Entering isPermitted(Vendors,CreateView,) method ...
Sat Jul 30 11:11:23 2022,346 [10672] DEBUG VT - Entering getActionid(CreateView) method ...
Sat Jul 30 11:11:23 2022,346 [10672] INFO VT - get Actionid CreateView
Sat Jul 30 11:11:23 2022,346 [10672] INFO VT - action id selected is 7
Sat Jul 30 11:11:23 2022,346 [10672] DEBUG VT - Exiting getActionid method ...
Sat Jul 30 11:11:23 2022,346 [10672] DEBUG VT - Entering getActionname(7) method ...
Sat Jul 30 11:11:23 2022,347 [10672] DEBUG VT - Exiting getActionname method ...
Sat Jul 30 11:11:23 2022,347 [10672] DEBUG VT - Exiting isPermitted method ...
Sat Jul 30 11:11:23 2022,347 [10672] DEBUG VT - Entering isPermitted(Vendors,EditView,) method ...
Sat Jul 30 11:11:23 2022,349 [10672] DEBUG VT - Entering getActionid(EditView) method ...
Sat Jul 30 11:11:23 2022,349 [10672] INFO VT - get Actionid EditView
Sat Jul 30 11:11:23 2022,350 [10672] INFO VT - action id selected is 1
Sat Jul 30 11:11:23 2022,350 [10672] DEBUG VT - Exiting getActionid method ...
Sat Jul 30 11:11:23 2022,350 [10672] DEBUG VT - Entering getActionname(1) method ...
Sat Jul 30 11:11:23 2022,350 [10672] DEBUG VT - Exiting getActionname method ...
Sat Jul 30 11:11:23 2022,350 [10672] DEBUG VT - Exiting isPermitted method ...
Sat Jul 30 11:11:23 2022,351 [10672] DEBUG VT - Entering isPermitted(PurchaseOrder,CreateView,) method ...
Sat Jul 30 11:11:23 2022,352 [10672] DEBUG VT - Entering getActionid(CreateView) method ...
Sat Jul 30 11:11:23 2022,353 [10672] INFO VT - get Actionid CreateView
Sat Jul 30 11:11:23 2022,353 [10672] INFO VT - action id selected is 7
Sat Jul 30 11:11:23 2022,353 [10672] DEBUG VT - Exiting getActionid method ...
Sat Jul 30 11:11:23 2022,354 [10672] DEBUG VT - Entering getActionname(7) method ...
Sat Jul 30 11:11:23 2022,354 [10672] DEBUG VT - Exiting getActionname method ...
Sat Jul 30 11:11:23 2022,354 [10672] DEBUG VT - Exiting isPermitted method ...
Sat Jul 30 11:11:23 2022,354 [10672] DEBUG VT - Entering isPermitted(PurchaseOrder,EditView,) method ...
Sat Jul 30 11:11:23 2022,356 [10672] DEBUG VT - Entering getActionid(EditView) method ...
Sat Jul 30 11:11:23 2022,356 [10672] INFO VT - get Actionid EditView
Sat Jul 30 11:11:23 2022,357 [10672] INFO VT - action id selected is 1
Sat Jul 30 11:11:23 2022,357 [10672] DEBUG VT - Exiting getActionid method ...
Sat Jul 30 11:11:23 2022,357 [10672] DEBUG VT - Entering getActionname(1) method ...
Sat Jul 30 11:11:23 2022,357 [10672] DEBUG VT - Exiting getActionname method ...
Sat Jul 30 11:11:23 2022,357 [10672] DEBUG VT - Exiting isPermitted method ...
Sat Jul 30 11:11:23 2022,358 [10672] DEBUG VT - Entering isPermitted(PurchaseOrder,CreateView,) method ...
Sat Jul 30 11:11:23 2022,359 [10672] DEBUG VT - Entering getActionid(CreateView) method ...
Sat Jul 30 11:11:23 2022,359 [10672] INFO VT - get Actionid CreateView
Sat Jul 30 11:11:23 2022,360 [10672] INFO VT - action id selected is 7
Sat Jul 30 11:11:23 2022,360 [10672] DEBUG VT - Exiting getActionid method ...
Sat Jul 30 11:11:23 2022,360 [10672] DEBUG VT - Entering getActionname(7) method ...
Sat Jul 30 11:11:23 2022,360 [10672] DEBUG VT - Exiting getActionname method ...
Sat Jul 30 11:11:23 2022,360 [10672] DEBUG VT - Exiting isPermitted method ...
Sat Jul 30 11:11:23 2022,361 [10672] DEBUG VT - Entering isPermitted(PurchaseOrder,EditView,) method ...
Sat Jul 30 11:11:23 2022,362 [10672] DEBUG VT - Entering getActionid(EditView) method ...
Sat Jul 30 11:11:23 2022,362 [10672] INFO VT - get Actionid EditView
Sat Jul 30 11:11:23 2022,363 [10672] INFO VT - action id selected is 1
Sat Jul 30 11:11:23 2022,363 [10672] DEBUG VT - Exiting getActionid method ...
Sat Jul 30 11:11:23 2022,363 [10672] DEBUG VT - Entering getActionname(1) method ...
Sat Jul 30 11:11:23 2022,364 [10672] DEBUG VT - Exiting getActionname method ...
Sat Jul 30 11:11:23 2022,364 [10672] DEBUG VT - Exiting isPermitted method ...
Sat Jul 30 11:11:23 2022,364 [10672] DEBUG VT - Entering isPermitted(Calendar,CreateView,) method ...
Sat Jul 30 11:11:23 2022,368 [10672] DEBUG VT - Entering getActionid(CreateView) method ...
Sat Jul 30 11:11:23 2022,368 [10672] INFO VT - get Actionid CreateView
Sat Jul 30 11:11:23 2022,369 [10672] INFO VT - action id selected is 7
Sat Jul 30 11:11:23 2022,370 [10672] DEBUG VT - Exiting getActionid method ...
Sat Jul 30 11:11:23 2022,371 [10672] DEBUG VT - Entering getActionname(7) method ...
Sat Jul 30 11:11:23 2022,372 [10672] DEBUG VT - Exiting getActionname method ...
Sat Jul 30 11:11:23 2022,372 [10672] DEBUG VT - Exiting isPermitted method ...
Sat Jul 30 11:11:23 2022,372 [10672] DEBUG VT - Entering isPermitted(Calendar,CreateView,) method ...
Sat Jul 30 11:11:23 2022,375 [10672] DEBUG VT - Entering getActionid(CreateView) method ...
Sat Jul 30 11:11:23 2022,376 [10672] INFO VT - get Actionid CreateView
Sat Jul 30 11:11:23 2022,377 [10672] INFO VT - action id selected is 7
Sat Jul 30 11:11:23 2022,377 [10672] DEBUG VT - Exiting getActionid method ...
Sat Jul 30 11:11:23 2022,377 [10672] DEBUG VT - Entering getActionname(7) method ...
Sat Jul 30 11:11:23 2022,378 [10672] DEBUG VT - Exiting getActionname method ...
Sat Jul 30 11:11:23 2022,378 [10672] DEBUG VT - Exiting isPermitted method ...
Sat Jul 30 11:11:23 2022,380 [10672] DEBUG VT - Entering isPermitted(Documents,CreateView,) method ...
Sat Jul 30 11:11:23 2022,384 [10672] DEBUG VT - Entering getActionid(CreateView) method ...
Sat Jul 30 11:11:23 2022,384 [10672] INFO VT - get Actionid CreateView
Sat Jul 30 11:11:23 2022,385 [10672] INFO VT - action id selected is 7
Sat Jul 30 11:11:23 2022,385 [10672] DEBUG VT - Exiting getActionid method ...
Sat Jul 30 11:11:23 2022,387 [10672] DEBUG VT - Entering getActionname(7) method ...
Sat Jul 30 11:11:23 2022,388 [10672] DEBUG VT - Exiting getActionname method ...
Sat Jul 30 11:11:23 2022,388 [10672] DEBUG VT - Exiting isPermitted method ...
Sat Jul 30 11:11:23 2022,388 [10672] DEBUG VT - Entering isPermitted(Documents,CreateView,) method ...
Sat Jul 30 11:11:23 2022,391 [10672] DEBUG VT - Entering getActionid(CreateView) method ...
Sat Jul 30 11:11:23 2022,391 [10672] INFO VT - get Actionid CreateView
Sat Jul 30 11:11:23 2022,393 [10672] INFO VT - action id selected is 7
Sat Jul 30 11:11:23 2022,393 [10672] DEBUG VT - Exiting getActionid method ...
Sat Jul 30 11:11:23 2022,393 [10672] DEBUG VT - Entering getActionname(7) method ...
Sat Jul 30 11:11:23 2022,394 [10672] DEBUG VT - Exiting getActionname method ...
Sat Jul 30 11:11:23 2022,394 [10672] DEBUG VT - Exiting isPermitted method ...
Sat Jul 30 11:11:23 2022,396 [10672] DEBUG VT - Entering isPermitted(RecycleBin,CreateView,) method ...
Sat Jul 30 11:11:23 2022,400 [10672] DEBUG VT - Entering getActionid(CreateView) method ...
Sat Jul 30 11:11:23 2022,400 [10672] INFO VT - get Actionid CreateView
Sat Jul 30 11:11:23 2022,401 [10672] INFO VT - action id selected is 7
Sat Jul 30 11:11:23 2022,401 [10672] DEBUG VT - Exiting getActionid method ...
Sat Jul 30 11:11:23 2022,403 [10672] DEBUG VT - Entering getActionname(7) method ...
Sat Jul 30 11:11:23 2022,404 [10672] DEBUG VT - Exiting getActionname method ...
Sat Jul 30 11:11:23 2022,404 [10672] DEBUG VT - Exiting isPermitted method ...
Sat Jul 30 11:11:23 2022,404 [10672] DEBUG VT - Entering isPermitted(RecycleBin,CreateView,) method ...
Sat Jul 30 11:11:23 2022,407 [10672] DEBUG VT - Entering getActionid(CreateView) method ...
Sat Jul 30 11:11:23 2022,408 [10672] INFO VT - get Actionid CreateView
Sat Jul 30 11:11:23 2022,409 [10672] INFO VT - action id selected is 7
Sat Jul 30 11:11:23 2022,409 [10672] DEBUG VT - Exiting getActionid method ...
Sat Jul 30 11:11:23 2022,409 [10672] DEBUG VT - Entering getActionname(7) method ...
Sat Jul 30 11:11:23 2022,410 [10672] DEBUG VT - Exiting getActionname method ...
Sat Jul 30 11:11:23 2022,411 [10672] DEBUG VT - Exiting isPermitted method ...
Sat Jul 30 11:11:23 2022,411 [10672] DEBUG VT - Entering isPermitted(ServiceOrders,CreateView,) method ...
Sat Jul 30 11:11:23 2022,414 [10672] DEBUG VT - Entering getActionid(CreateView) method ...
Sat Jul 30 11:11:23 2022,414 [10672] INFO VT - get Actionid CreateView
Sat Jul 30 11:11:23 2022,415 [10672] INFO VT - action id selected is 7
Sat Jul 30 11:11:23 2022,415 [10672] DEBUG VT - Exiting getActionid method ...
Sat Jul 30 11:11:23 2022,417 [10672] DEBUG VT - Entering getActionname(7) method ...
Sat Jul 30 11:11:23 2022,419 [10672] DEBUG VT - Exiting getActionname method ...
Sat Jul 30 11:11:23 2022,419 [10672] DEBUG VT - Exiting isPermitted method ...
Sat Jul 30 11:11:23 2022,419 [10672] DEBUG VT - Entering isPermitted(ServiceOrders,CreateView,) method ...
Sat Jul 30 11:11:23 2022,422 [10672] DEBUG VT - Entering getActionid(CreateView) method ...
Sat Jul 30 11:11:23 2022,422 [10672] INFO VT - get Actionid CreateView
Sat Jul 30 11:11:23 2022,424 [10672] INFO VT - action id selected is 7
Sat Jul 30 11:11:23 2022,424 [10672] DEBUG VT - Exiting getActionid method ...
Sat Jul 30 11:11:23 2022,424 [10672] DEBUG VT - Entering getActionname(7) method ...
Sat Jul 30 11:11:23 2022,425 [10672] DEBUG VT - Exiting getActionname method ...
Sat Jul 30 11:11:23 2022,425 [10672] DEBUG VT - Exiting isPermitted method ...
Sat Jul 30 11:11:23 2022,426 [10672] DEBUG VT - Entering isPermitted(CallAssistance,CreateView,) method ...
Sat Jul 30 11:11:23 2022,429 [10672] DEBUG VT - Entering getActionid(CreateView) method ...
Sat Jul 30 11:11:23 2022,429 [10672] INFO VT - get Actionid CreateView
Sat Jul 30 11:11:23 2022,430 [10672] INFO VT - action id selected is 7
Sat Jul 30 11:11:23 2022,430 [10672] DEBUG VT - Exiting getActionid method ...
Sat Jul 30 11:11:23 2022,431 [10672] DEBUG VT - Entering getActionname(7) method ...
Sat Jul 30 11:11:23 2022,433 [10672] DEBUG VT - Exiting getActionname method ...
Sat Jul 30 11:11:23 2022,433 [10672] DEBUG VT - Exiting isPermitted method ...
Sat Jul 30 11:11:23 2022,434 [10672] DEBUG VT - Entering isPermitted(CallAssistance,CreateView,) method ...
Sat Jul 30 11:11:23 2022,437 [10672] DEBUG VT - Entering getActionid(CreateView) method ...
Sat Jul 30 11:11:23 2022,438 [10672] INFO VT - get Actionid CreateView
Sat Jul 30 11:11:23 2022,439 [10672] INFO VT - action id selected is 7
Sat Jul 30 11:11:23 2022,439 [10672] DEBUG VT - Exiting getActionid method ...
Sat Jul 30 11:11:23 2022,439 [10672] DEBUG VT - Entering getActionname(7) method ...
Sat Jul 30 11:11:23 2022,440 [10672] DEBUG VT - Exiting getActionname method ...
Sat Jul 30 11:11:23 2022,441 [10672] DEBUG VT - Exiting isPermitted method ...
Sat Jul 30 11:11:23 2022,442 [10672] DEBUG VT - Entering isPermitted(HMREntries,CreateView,) method ...
Sat Jul 30 11:11:23 2022,445 [10672] DEBUG VT - Entering getActionid(CreateView) method ...
Sat Jul 30 11:11:23 2022,445 [10672] INFO VT - get Actionid CreateView
Sat Jul 30 11:11:23 2022,446 [10672] INFO VT - action id selected is 7
Sat Jul 30 11:11:23 2022,446 [10672] DEBUG VT - Exiting getActionid method ...
Sat Jul 30 11:11:23 2022,447 [10672] DEBUG VT - Entering getActionname(7) method ...
Sat Jul 30 11:11:23 2022,449 [10672] DEBUG VT - Exiting getActionname method ...
Sat Jul 30 11:11:23 2022,449 [10672] DEBUG VT - Exiting isPermitted method ...
Sat Jul 30 11:11:23 2022,450 [10672] DEBUG VT - Entering isPermitted(HMREntries,CreateView,) method ...
Sat Jul 30 11:11:23 2022,453 [10672] DEBUG VT - Entering getActionid(CreateView) method ...
Sat Jul 30 11:11:23 2022,453 [10672] INFO VT - get Actionid CreateView
Sat Jul 30 11:11:23 2022,455 [10672] INFO VT - action id selected is 7
Sat Jul 30 11:11:23 2022,455 [10672] DEBUG VT - Exiting getActionid method ...
Sat Jul 30 11:11:23 2022,455 [10672] DEBUG VT - Entering getActionname(7) method ...
Sat Jul 30 11:11:23 2022,456 [10672] DEBUG VT - Exiting getActionname method ...
Sat Jul 30 11:11:23 2022,456 [10672] DEBUG VT - Exiting isPermitted method ...
Sat Jul 30 11:11:23 2022,457 [10672] DEBUG VT - Entering isPermitted(StockTransferOrders,CreateView,) method ...
Sat Jul 30 11:11:23 2022,461 [10672] DEBUG VT - Entering getActionid(CreateView) method ...
Sat Jul 30 11:11:23 2022,461 [10672] INFO VT - get Actionid CreateView
Sat Jul 30 11:11:23 2022,462 [10672] INFO VT - action id selected is 7
Sat Jul 30 11:11:23 2022,462 [10672] DEBUG VT - Exiting getActionid method ...
Sat Jul 30 11:11:23 2022,463 [10672] DEBUG VT - Entering getActionname(7) method ...
Sat Jul 30 11:11:23 2022,465 [10672] DEBUG VT - Exiting getActionname method ...
Sat Jul 30 11:11:23 2022,465 [10672] DEBUG VT - Exiting isPermitted method ...
Sat Jul 30 11:11:23 2022,466 [10672] DEBUG VT - Entering isPermitted(StockTransferOrders,CreateView,) method ...
Sat Jul 30 11:11:23 2022,469 [10672] DEBUG VT - Entering getActionid(CreateView) method ...
Sat Jul 30 11:11:23 2022,469 [10672] INFO VT - get Actionid CreateView
Sat Jul 30 11:11:23 2022,470 [10672] INFO VT - action id selected is 7
Sat Jul 30 11:11:23 2022,470 [10672] DEBUG VT - Exiting getActionid method ...
Sat Jul 30 11:11:23 2022,471 [10672] DEBUG VT - Entering getActionname(7) method ...
Sat Jul 30 11:11:23 2022,472 [10672] DEBUG VT - Exiting getActionname method ...
Sat Jul 30 11:11:23 2022,472 [10672] DEBUG VT - Exiting isPermitted method ...
Sat Jul 30 11:11:23 2022,472 [10672] DEBUG VT - Entering isPermitted(MaintenancePlant,CreateView,) method ...
Sat Jul 30 11:11:23 2022,475 [10672] DEBUG VT - Entering getActionid(CreateView) method ...
Sat Jul 30 11:11:23 2022,475 [10672] INFO VT - get Actionid CreateView
Sat Jul 30 11:11:23 2022,477 [10672] INFO VT - action id selected is 7
Sat Jul 30 11:11:23 2022,477 [10672] DEBUG VT - Exiting getActionid method ...
Sat Jul 30 11:11:23 2022,478 [10672] DEBUG VT - Entering getActionname(7) method ...
Sat Jul 30 11:11:23 2022,480 [10672] DEBUG VT - Exiting getActionname method ...
Sat Jul 30 11:11:23 2022,480 [10672] DEBUG VT - Exiting isPermitted method ...
Sat Jul 30 11:11:23 2022,480 [10672] DEBUG VT - Entering isPermitted(MaintenancePlant,EditView,) method ...
Sat Jul 30 11:11:23 2022,484 [10672] DEBUG VT - Entering getActionid(EditView) method ...
Sat Jul 30 11:11:23 2022,484 [10672] INFO VT - get Actionid EditView
Sat Jul 30 11:11:23 2022,486 [10672] INFO VT - action id selected is 1
Sat Jul 30 11:11:23 2022,486 [10672] DEBUG VT - Exiting getActionid method ...
Sat Jul 30 11:11:23 2022,486 [10672] DEBUG VT - Entering getActionname(1) method ...
Sat Jul 30 11:11:23 2022,487 [10672] DEBUG VT - Exiting getActionname method ...
Sat Jul 30 11:11:23 2022,488 [10672] DEBUG VT - Exiting isPermitted method ...
Sat Jul 30 11:11:23 2022,488 [10672] DEBUG VT - Entering isPermitted(MaintenancePlant,CreateView,) method ...
Sat Jul 30 11:11:23 2022,491 [10672] DEBUG VT - Entering getActionid(CreateView) method ...
Sat Jul 30 11:11:23 2022,491 [10672] INFO VT - get Actionid CreateView
Sat Jul 30 11:11:23 2022,492 [10672] INFO VT - action id selected is 7
Sat Jul 30 11:11:23 2022,492 [10672] DEBUG VT - Exiting getActionid method ...
Sat Jul 30 11:11:23 2022,493 [10672] DEBUG VT - Entering getActionname(7) method ...
Sat Jul 30 11:11:23 2022,494 [10672] DEBUG VT - Exiting getActionname method ...
Sat Jul 30 11:11:23 2022,494 [10672] DEBUG VT - Exiting isPermitted method ...
Sat Jul 30 11:11:23 2022,494 [10672] DEBUG VT - Entering isPermitted(MaintenancePlant,EditView,) method ...
Sat Jul 30 11:11:23 2022,498 [10672] DEBUG VT - Entering getActionid(EditView) method ...
Sat Jul 30 11:11:23 2022,499 [10672] INFO VT - get Actionid EditView
Sat Jul 30 11:11:23 2022,502 [10672] INFO VT - action id selected is 1
Sat Jul 30 11:11:23 2022,502 [10672] DEBUG VT - Exiting getActionid method ...
Sat Jul 30 11:11:23 2022,502 [10672] DEBUG VT - Entering getActionname(1) method ...
Sat Jul 30 11:11:23 2022,503 [10672] DEBUG VT - Exiting getActionname method ...
Sat Jul 30 11:11:23 2022,504 [10672] DEBUG VT - Exiting isPermitted method ...
Sat Jul 30 11:11:23 2022,505 [10672] DEBUG VT - Entering isPermitted(PDFMaker,CreateView,) method ...
Sat Jul 30 11:11:23 2022,508 [10672] DEBUG VT - Entering getActionid(CreateView) method ...
Sat Jul 30 11:11:23 2022,508 [10672] INFO VT - get Actionid CreateView
Sat Jul 30 11:11:23 2022,509 [10672] INFO VT - action id selected is 7
Sat Jul 30 11:11:23 2022,509 [10672] DEBUG VT - Exiting getActionid method ...
Sat Jul 30 11:11:23 2022,511 [10672] DEBUG VT - Entering getActionname(7) method ...
Sat Jul 30 11:11:23 2022,512 [10672] DEBUG VT - Exiting getActionname method ...
Sat Jul 30 11:11:23 2022,512 [10672] DEBUG VT - Exiting isPermitted method ...
Sat Jul 30 11:11:23 2022,512 [10672] DEBUG VT - Entering isPermitted(PDFMaker,CreateView,) method ...
Sat Jul 30 11:11:23 2022,517 [10672] DEBUG VT - Entering getActionid(CreateView) method ...
Sat Jul 30 11:11:23 2022,517 [10672] INFO VT - get Actionid CreateView
Sat Jul 30 11:11:23 2022,519 [10672] INFO VT - action id selected is 7
Sat Jul 30 11:11:23 2022,519 [10672] DEBUG VT - Exiting getActionid method ...
Sat Jul 30 11:11:23 2022,519 [10672] DEBUG VT - Entering getActionname(7) method ...
Sat Jul 30 11:11:23 2022,521 [10672] DEBUG VT - Exiting getActionname method ...
Sat Jul 30 11:11:23 2022,521 [10672] DEBUG VT - Exiting isPermitted method ...
Sat Jul 30 11:11:23 2022,521 [10672] DEBUG VT - Entering isPermitted(ServiceReports,CreateView,) method ...
Sat Jul 30 11:11:23 2022,525 [10672] DEBUG VT - Entering getActionid(CreateView) method ...
Sat Jul 30 11:11:23 2022,525 [10672] INFO VT - get Actionid CreateView
Sat Jul 30 11:11:23 2022,527 [10672] INFO VT - action id selected is 7
Sat Jul 30 11:11:23 2022,527 [10672] DEBUG VT - Exiting getActionid method ...
Sat Jul 30 11:11:23 2022,529 [10672] DEBUG VT - Entering getActionname(7) method ...
Sat Jul 30 11:11:23 2022,530 [10672] DEBUG VT - Exiting getActionname method ...
Sat Jul 30 11:11:23 2022,530 [10672] DEBUG VT - Exiting isPermitted method ...
Sat Jul 30 11:11:23 2022,530 [10672] DEBUG VT - Entering isPermitted(ServiceReports,CreateView,) method ...
Sat Jul 30 11:11:23 2022,536 [10672] DEBUG VT - Entering getActionid(CreateView) method ...
Sat Jul 30 11:11:23 2022,536 [10672] INFO VT - get Actionid CreateView
Sat Jul 30 11:11:23 2022,538 [10672] INFO VT - action id selected is 7
Sat Jul 30 11:11:23 2022,538 [10672] DEBUG VT - Exiting getActionid method ...
Sat Jul 30 11:11:23 2022,538 [10672] DEBUG VT - Entering getActionname(7) method ...
Sat Jul 30 11:11:23 2022,539 [10672] DEBUG VT - Exiting getActionname method ...
Sat Jul 30 11:11:23 2022,539 [10672] DEBUG VT - Exiting isPermitted method ...
Sat Jul 30 11:11:23 2022,539 [10672] DEBUG VT - Entering isPermitted(FunctionalLocations,CreateView,) method ...
Sat Jul 30 11:11:23 2022,543 [10672] DEBUG VT - Entering getActionid(CreateView) method ...
Sat Jul 30 11:11:23 2022,543 [10672] INFO VT - get Actionid CreateView
Sat Jul 30 11:11:23 2022,545 [10672] INFO VT - action id selected is 7
Sat Jul 30 11:11:23 2022,545 [10672] DEBUG VT - Exiting getActionid method ...
Sat Jul 30 11:11:23 2022,546 [10672] DEBUG VT - Entering getActionname(7) method ...
Sat Jul 30 11:11:23 2022,547 [10672] DEBUG VT - Exiting getActionname method ...
Sat Jul 30 11:11:23 2022,548 [10672] DEBUG VT - Exiting isPermitted method ...
Sat Jul 30 11:11:23 2022,549 [10672] DEBUG VT - Entering isPermitted(FunctionalLocations,EditView,) method ...
Sat Jul 30 11:11:23 2022,554 [10672] DEBUG VT - Entering getActionid(EditView) method ...
Sat Jul 30 11:11:23 2022,554 [10672] INFO VT - get Actionid EditView
Sat Jul 30 11:11:23 2022,555 [10672] INFO VT - action id selected is 1
Sat Jul 30 11:11:23 2022,555 [10672] DEBUG VT - Exiting getActionid method ...
Sat Jul 30 11:11:23 2022,555 [10672] DEBUG VT - Entering getActionname(1) method ...
Sat Jul 30 11:11:23 2022,557 [10672] DEBUG VT - Exiting getActionname method ...
Sat Jul 30 11:11:23 2022,557 [10672] DEBUG VT - Exiting isPermitted method ...
Sat Jul 30 11:11:23 2022,558 [10672] DEBUG VT - Entering isPermitted(FunctionalLocations,CreateView,) method ...
Sat Jul 30 11:11:23 2022,561 [10672] DEBUG VT - Entering getActionid(CreateView) method ...
Sat Jul 30 11:11:23 2022,561 [10672] INFO VT - get Actionid CreateView
Sat Jul 30 11:11:23 2022,562 [10672] INFO VT - action id selected is 7
Sat Jul 30 11:11:23 2022,562 [10672] DEBUG VT - Exiting getActionid method ...
Sat Jul 30 11:11:23 2022,563 [10672] DEBUG VT - Entering getActionname(7) method ...
Sat Jul 30 11:11:23 2022,564 [10672] DEBUG VT - Exiting getActionname method ...
Sat Jul 30 11:11:23 2022,564 [10672] DEBUG VT - Exiting isPermitted method ...
Sat Jul 30 11:11:23 2022,565 [10672] DEBUG VT - Entering isPermitted(FunctionalLocations,EditView,) method ...
Sat Jul 30 11:11:23 2022,570 [10672] DEBUG VT - Entering getActionid(EditView) method ...
Sat Jul 30 11:11:23 2022,570 [10672] INFO VT - get Actionid EditView
Sat Jul 30 11:11:23 2022,572 [10672] INFO VT - action id selected is 1
Sat Jul 30 11:11:23 2022,572 [10672] DEBUG VT - Exiting getActionid method ...
Sat Jul 30 11:11:23 2022,572 [10672] DEBUG VT - Entering getActionname(1) method ...
Sat Jul 30 11:11:23 2022,574 [10672] DEBUG VT - Exiting getActionname method ...
Sat Jul 30 11:11:23 2022,574 [10672] DEBUG VT - Exiting isPermitted method ...
Sat Jul 30 11:11:23 2022,575 [10672] DEBUG VT - Entering isPermitted(ITS4YouInstaller,CreateView,) method ...
Sat Jul 30 11:11:23 2022,578 [10672] DEBUG VT - Entering getActionid(CreateView) method ...
Sat Jul 30 11:11:23 2022,578 [10672] INFO VT - get Actionid CreateView
Sat Jul 30 11:11:23 2022,579 [10672] INFO VT - action id selected is 7
Sat Jul 30 11:11:23 2022,579 [10672] DEBUG VT - Exiting getActionid method ...
Sat Jul 30 11:11:23 2022,581 [10672] DEBUG VT - Entering getActionname(7) method ...
Sat Jul 30 11:11:23 2022,584 [10672] DEBUG VT - Exiting getActionname method ...
Sat Jul 30 11:11:23 2022,584 [10672] DEBUG VT - Exiting isPermitted method ...
Sat Jul 30 11:11:23 2022,585 [10672] DEBUG VT - Entering isPermitted(ITS4YouInstaller,CreateView,) method ...
Sat Jul 30 11:11:23 2022,589 [10672] DEBUG VT - Entering getActionid(CreateView) method ...
Sat Jul 30 11:11:23 2022,589 [10672] INFO VT - get Actionid CreateView
Sat Jul 30 11:11:23 2022,591 [10672] INFO VT - action id selected is 7
Sat Jul 30 11:11:23 2022,591 [10672] DEBUG VT - Exiting getActionid method ...
Sat Jul 30 11:11:23 2022,591 [10672] DEBUG VT - Entering getActionname(7) method ...
Sat Jul 30 11:11:23 2022,592 [10672] DEBUG VT - Exiting getActionname method ...
Sat Jul 30 11:11:23 2022,593 [10672] DEBUG VT - Exiting isPermitted method ...
Sat Jul 30 11:11:23 2022,593 [10672] DEBUG VT - Entering isPermitted(Equipment,CreateView,) method ...
Sat Jul 30 11:11:23 2022,596 [10672] DEBUG VT - Entering getActionid(CreateView) method ...
Sat Jul 30 11:11:23 2022,596 [10672] INFO VT - get Actionid CreateView
Sat Jul 30 11:11:23 2022,598 [10672] INFO VT - action id selected is 7
Sat Jul 30 11:11:23 2022,598 [10672] DEBUG VT - Exiting getActionid method ...
Sat Jul 30 11:11:23 2022,601 [10672] DEBUG VT - Entering getActionname(7) method ...
Sat Jul 30 11:11:23 2022,604 [10672] DEBUG VT - Exiting getActionname method ...
Sat Jul 30 11:11:23 2022,604 [10672] DEBUG VT - Exiting isPermitted method ...
Sat Jul 30 11:11:23 2022,604 [10672] DEBUG VT - Entering isPermitted(Equipment,EditView,) method ...
Sat Jul 30 11:11:23 2022,608 [10672] DEBUG VT - Entering getActionid(EditView) method ...
Sat Jul 30 11:11:23 2022,608 [10672] INFO VT - get Actionid EditView
Sat Jul 30 11:11:23 2022,609 [10672] INFO VT - action id selected is 1
Sat Jul 30 11:11:23 2022,609 [10672] DEBUG VT - Exiting getActionid method ...
Sat Jul 30 11:11:23 2022,610 [10672] DEBUG VT - Entering getActionname(1) method ...
Sat Jul 30 11:11:23 2022,611 [10672] DEBUG VT - Exiting getActionname method ...
Sat Jul 30 11:11:23 2022,611 [10672] DEBUG VT - Exiting isPermitted method ...
Sat Jul 30 11:11:23 2022,611 [10672] DEBUG VT - Entering isPermitted(Equipment,CreateView,) method ...
Sat Jul 30 11:11:23 2022,616 [10672] DEBUG VT - Entering getActionid(CreateView) method ...
Sat Jul 30 11:11:23 2022,616 [10672] INFO VT - get Actionid CreateView
Sat Jul 30 11:11:23 2022,618 [10672] INFO VT - action id selected is 7
Sat Jul 30 11:11:23 2022,618 [10672] DEBUG VT - Exiting getActionid method ...
Sat Jul 30 11:11:23 2022,618 [10672] DEBUG VT - Entering getActionname(7) method ...
Sat Jul 30 11:11:23 2022,621 [10672] DEBUG VT - Exiting getActionname method ...
Sat Jul 30 11:11:23 2022,621 [10672] DEBUG VT - Exiting isPermitted method ...
Sat Jul 30 11:11:23 2022,621 [10672] DEBUG VT - Entering isPermitted(Equipment,EditView,) method ...
Sat Jul 30 11:11:23 2022,625 [10672] DEBUG VT - Entering getActionid(EditView) method ...
Sat Jul 30 11:11:23 2022,625 [10672] INFO VT - get Actionid EditView
Sat Jul 30 11:11:23 2022,626 [10672] INFO VT - action id selected is 1
Sat Jul 30 11:11:23 2022,626 [10672] DEBUG VT - Exiting getActionid method ...
Sat Jul 30 11:11:23 2022,626 [10672] DEBUG VT - Entering getActionname(1) method ...
Sat Jul 30 11:11:23 2022,628 [10672] DEBUG VT - Exiting getActionname method ...
Sat Jul 30 11:11:23 2022,628 [10672] DEBUG VT - Exiting isPermitted method ...
Sat Jul 30 11:11:23 2022,629 [10672] DEBUG VT - Entering isPermitted(BankGuarantee,CreateView,) method ...
Sat Jul 30 11:11:23 2022,633 [10672] DEBUG VT - Entering getActionid(CreateView) method ...
Sat Jul 30 11:11:23 2022,634 [10672] INFO VT - get Actionid CreateView
Sat Jul 30 11:11:23 2022,635 [10672] INFO VT - action id selected is 7
Sat Jul 30 11:11:23 2022,635 [10672] DEBUG VT - Exiting getActionid method ...
Sat Jul 30 11:11:23 2022,637 [10672] DEBUG VT - Entering getActionname(7) method ...
Sat Jul 30 11:11:23 2022,638 [10672] DEBUG VT - Exiting getActionname method ...
Sat Jul 30 11:11:23 2022,638 [10672] DEBUG VT - Exiting isPermitted method ...
Sat Jul 30 11:11:23 2022,639 [10672] DEBUG VT - Entering isPermitted(BankGuarantee,EditView,) method ...
Sat Jul 30 11:11:23 2022,642 [10672] DEBUG VT - Entering getActionid(EditView) method ...
Sat Jul 30 11:11:23 2022,642 [10672] INFO VT - get Actionid EditView
Sat Jul 30 11:11:23 2022,643 [10672] INFO VT - action id selected is 1
Sat Jul 30 11:11:23 2022,643 [10672] DEBUG VT - Exiting getActionid method ...
Sat Jul 30 11:11:23 2022,643 [10672] DEBUG VT - Entering getActionname(1) method ...
Sat Jul 30 11:11:23 2022,645 [10672] DEBUG VT - Exiting getActionname method ...
Sat Jul 30 11:11:23 2022,645 [10672] DEBUG VT - Exiting isPermitted method ...
Sat Jul 30 11:11:23 2022,645 [10672] DEBUG VT - Entering isPermitted(BankGuarantee,CreateView,) method ...
Sat Jul 30 11:11:23 2022,648 [10672] DEBUG VT - Entering getActionid(CreateView) method ...
Sat Jul 30 11:11:23 2022,649 [10672] INFO VT - get Actionid CreateView
Sat Jul 30 11:11:23 2022,651 [10672] INFO VT - action id selected is 7
Sat Jul 30 11:11:23 2022,651 [10672] DEBUG VT - Exiting getActionid method ...
Sat Jul 30 11:11:23 2022,651 [10672] DEBUG VT - Entering getActionname(7) method ...
Sat Jul 30 11:11:23 2022,653 [10672] DEBUG VT - Exiting getActionname method ...
Sat Jul 30 11:11:23 2022,653 [10672] DEBUG VT - Exiting isPermitted method ...
Sat Jul 30 11:11:23 2022,653 [10672] DEBUG VT - Entering isPermitted(BankGuarantee,EditView,) method ...
Sat Jul 30 11:11:23 2022,657 [10672] DEBUG VT - Entering getActionid(EditView) method ...
Sat Jul 30 11:11:23 2022,657 [10672] INFO VT - get Actionid EditView
Sat Jul 30 11:11:23 2022,658 [10672] INFO VT - action id selected is 1
Sat Jul 30 11:11:23 2022,658 [10672] DEBUG VT - Exiting getActionid method ...
Sat Jul 30 11:11:23 2022,658 [10672] DEBUG VT - Entering getActionname(1) method ...
Sat Jul 30 11:11:23 2022,660 [10672] DEBUG VT - Exiting getActionname method ...
Sat Jul 30 11:11:23 2022,660 [10672] DEBUG VT - Exiting isPermitted method ...
Sat Jul 30 11:11:23 2022,661 [10672] DEBUG VT - Entering isPermitted(ServiceEngineer,CreateView,) method ...
Sat Jul 30 11:11:23 2022,665 [10672] DEBUG VT - Entering getActionid(CreateView) method ...
Sat Jul 30 11:11:23 2022,665 [10672] INFO VT - get Actionid CreateView
Sat Jul 30 11:11:23 2022,669 [10672] INFO VT - action id selected is 7
Sat Jul 30 11:11:23 2022,669 [10672] DEBUG VT - Exiting getActionid method ...
Sat Jul 30 11:11:23 2022,670 [10672] DEBUG VT - Entering getActionname(7) method ...
Sat Jul 30 11:11:23 2022,671 [10672] DEBUG VT - Exiting getActionname method ...
Sat Jul 30 11:11:23 2022,671 [10672] DEBUG VT - Exiting isPermitted method ...
Sat Jul 30 11:11:23 2022,672 [10672] DEBUG VT - Entering isPermitted(ServiceEngineer,CreateView,) method ...
Sat Jul 30 11:11:23 2022,675 [10672] DEBUG VT - Entering getActionid(CreateView) method ...
Sat Jul 30 11:11:23 2022,675 [10672] INFO VT - get Actionid CreateView
Sat Jul 30 11:11:23 2022,676 [10672] INFO VT - action id selected is 7
Sat Jul 30 11:11:23 2022,676 [10672] DEBUG VT - Exiting getActionid method ...
Sat Jul 30 11:11:23 2022,677 [10672] DEBUG VT - Entering getActionname(7) method ...
Sat Jul 30 11:11:23 2022,678 [10672] DEBUG VT - Exiting getActionname method ...
Sat Jul 30 11:11:23 2022,678 [10672] DEBUG VT - Exiting isPermitted method ...
Sat Jul 30 11:11:23 2022,679 [10672] DEBUG VT - Entering isPermitted(Reports,CreateView,) method ...
Sat Jul 30 11:11:23 2022,684 [10672] DEBUG VT - Entering getActionid(CreateView) method ...
Sat Jul 30 11:11:23 2022,684 [10672] INFO VT - get Actionid CreateView
Sat Jul 30 11:11:23 2022,686 [10672] INFO VT - action id selected is 7
Sat Jul 30 11:11:23 2022,686 [10672] DEBUG VT - Exiting getActionid method ...
Sat Jul 30 11:11:23 2022,688 [10672] DEBUG VT - Entering getActionname(7) method ...
Sat Jul 30 11:11:23 2022,689 [10672] DEBUG VT - Exiting getActionname method ...
Sat Jul 30 11:11:23 2022,690 [10672] DEBUG VT - Exiting isPermitted method ...
Sat Jul 30 11:11:23 2022,690 [10672] DEBUG VT - Entering isPermitted(Reports,CreateView,) method ...
Sat Jul 30 11:11:23 2022,693 [10672] DEBUG VT - Entering getActionid(CreateView) method ...
Sat Jul 30 11:11:23 2022,693 [10672] INFO VT - get Actionid CreateView
Sat Jul 30 11:11:23 2022,695 [10672] INFO VT - action id selected is 7
Sat Jul 30 11:11:23 2022,695 [10672] DEBUG VT - Exiting getActionid method ...
Sat Jul 30 11:11:23 2022,695 [10672] DEBUG VT - Entering getActionname(7) method ...
Sat Jul 30 11:11:23 2022,696 [10672] DEBUG VT - Exiting getActionname method ...
Sat Jul 30 11:11:23 2022,697 [10672] DEBUG VT - Exiting isPermitted method ...
Sat Jul 30 11:11:23 2022,697 [10672] DEBUG VT - Entering isPermitted(EmailTemplates,CreateView,) method ...
Sat Jul 30 11:11:23 2022,701 [10672] DEBUG VT - Entering getActionid(CreateView) method ...
Sat Jul 30 11:11:23 2022,702 [10672] INFO VT - get Actionid CreateView
Sat Jul 30 11:11:23 2022,703 [10672] INFO VT - action id selected is 7
Sat Jul 30 11:11:23 2022,703 [10672] DEBUG VT - Exiting getActionid method ...
Sat Jul 30 11:11:23 2022,704 [10672] DEBUG VT - Entering getActionname(7) method ...
Sat Jul 30 11:11:23 2022,706 [10672] DEBUG VT - Exiting getActionname method ...
Sat Jul 30 11:11:23 2022,706 [10672] DEBUG VT - Exiting isPermitted method ...
Sat Jul 30 11:11:23 2022,706 [10672] DEBUG VT - Entering isPermitted(EmailTemplates,CreateView,) method ...
Sat Jul 30 11:11:23 2022,710 [10672] DEBUG VT - Entering getActionid(CreateView) method ...
Sat Jul 30 11:11:23 2022,710 [10672] INFO VT - get Actionid CreateView
Sat Jul 30 11:11:23 2022,711 [10672] INFO VT - action id selected is 7
Sat Jul 30 11:11:23 2022,711 [10672] DEBUG VT - Exiting getActionid method ...
Sat Jul 30 11:11:23 2022,711 [10672] DEBUG VT - Entering getActionname(7) method ...
Sat Jul 30 11:11:23 2022,713 [10672] DEBUG VT - Exiting getActionname method ...
Sat Jul 30 11:11:23 2022,713 [10672] DEBUG VT - Exiting isPermitted method ...
Sat Jul 30 11:11:23 2022,719 [10672] DEBUG VT - Prepared sql query being executed : SELECT vtiger_attachments.attachmentsid, vtiger_attachments.path, vtiger_attachments.name FROM vtiger_attachments
                                  LEFT JOIN vtiger_salesmanattachmentsrel ON vtiger_salesmanattachmentsrel.attachmentsid = vtiger_attachments.attachmentsid
                                  WHERE vtiger_salesmanattachmentsrel.smid=?
Sat Jul 30 11:11:23 2022,719 [10672] DEBUG VT - Prepared sql query parameters : [86]
Sat Jul 30 11:11:23 2022,720 [10672] DEBUG VT - Prepared sql query being executed : SELECT rolename from vtiger_role WHERE roleid = ?
Sat Jul 30 11:11:23 2022,720 [10672] DEBUG VT - Prepared sql query parameters : [H2]
Sat Jul 30 11:11:23 2022,727 [10672] DEBUG VT - Prepared sql query being executed : SELECT * FROM vtiger_app2tab WHERE visible = ? ORDER BY appname,sequence
Sat Jul 30 11:11:23 2022,727 [10672] DEBUG VT - Prepared sql query parameters : [1]
Sat Jul 30 11:11:23 2022,769 [10672] DEBUG VT - Prepared sql query being executed : SELECT id,tabname,sequence,isdefault,appname,modulename FROM vtiger_dashboard_tabs WHERE userid=? ORDER BY sequence ASC 
Sat Jul 30 11:11:23 2022,769 [10672] DEBUG VT - Prepared sql query parameters : [86]
Sat Jul 30 11:11:23 2022,772 [10672] DEBUG VT - Prepared sql query being executed : SELECT vtiger_links.*, vtiger_module_dashboard_widgets.userid, vtiger_module_dashboard_widgets.filterid, vtiger_module_dashboard_widgets.data, vtiger_module_dashboard_widgets.id as widgetid, vtiger_module_dashboard_widgets.position as position, vtiger_module_dashboard_widgets.size as size, vtiger_links.linkid as id FROM vtiger_links  INNER JOIN vtiger_module_dashboard_widgets ON vtiger_links.linkid=vtiger_module_dashboard_widgets.linkid WHERE vtiger_module_dashboard_widgets.userid = ? AND linktype = ? AND tabid = ?
Sat Jul 30 11:11:23 2022,772 [10672] DEBUG VT - Prepared sql query parameters : [86,DASHBOARDWIDGET,3]
Sat Jul 30 11:11:23 2022,773 [10672] DEBUG VT - Prepared sql query being executed : SELECT reportid FROM vtiger_module_dashboard_widgets WHERE userid = ? AND linkid= ? AND reportid IS NOT NULL
Sat Jul 30 11:11:23 2022,773 [10672] DEBUG VT - Prepared sql query parameters : [86,0]
Sat Jul 30 11:11:23 2022,975 [10672] INFO VT - PearDatabase ->ADODB disconnect
Sat Jul 30 11:11:24 2022,072 [10672] INFO VT - PearDatabase ->ADODB disconnect
Sat Jul 30 11:11:24 2022,103 [10672] DEBUG user - Entering Users() method ...
Sat Jul 30 11:11:24 2022,103 [10672] DEBUG VT - Entering getColumnFields(Users) method ...
Sat Jul 30 11:11:24 2022,103 [10672] DEBUG VT - in getColumnFields Users
Sat Jul 30 11:11:24 2022,103 [10672] DEBUG VT - Prepared sql query being executed : SELECT tabid, name, ownedby FROM vtiger_tab
Sat Jul 30 11:11:24 2022,104 [10672] DEBUG VT - Prepared sql query being executed : SELECT tabid, fieldname, fieldid, fieldlabel, columnname, tablename, uitype, typeofdata, presence
		FROM vtiger_field WHERE tabid in (?)
Sat Jul 30 11:11:24 2022,104 [10672] DEBUG VT - Prepared sql query parameters : [29]
Sat Jul 30 11:11:24 2022,105 [10672] DEBUG VT - Exiting getColumnFields method ...
Sat Jul 30 11:11:24 2022,105 [10672] DEBUG user - Exiting Users() method ...
Sat Jul 30 11:11:24 2022,105 [10672] DEBUG VT - Entering getColumnFields(Users) method ...
Sat Jul 30 11:11:24 2022,105 [10672] DEBUG VT - in getColumnFields Users
Sat Jul 30 11:11:24 2022,105 [10672] DEBUG VT - Exiting getColumnFields method ...
Sat Jul 30 11:11:24 2022,108 [10672] DEBUG VT - Prepared sql query being executed : SELECT * FROM vtiger_tab
Sat Jul 30 11:11:24 2022,110 [10672] DEBUG VT - Prepared sql query being executed : SELECT fieldname,modulename,tablename,entityidfield,entityidcolumn from vtiger_entityname
Sat Jul 30 11:11:24 2022,209 [10672] DEBUG user - Entering Users() method ...
Sat Jul 30 11:11:24 2022,209 [10672] DEBUG VT - Entering getColumnFields(Users) method ...
Sat Jul 30 11:11:24 2022,209 [10672] DEBUG VT - in getColumnFields Users
Sat Jul 30 11:11:24 2022,209 [10672] DEBUG VT - Prepared sql query being executed : SELECT tabid, name, ownedby FROM vtiger_tab
Sat Jul 30 11:11:24 2022,209 [10672] DEBUG VT - Prepared sql query being executed : SELECT tabid, fieldname, fieldid, fieldlabel, columnname, tablename, uitype, typeofdata, presence
		FROM vtiger_field WHERE tabid in (?)
Sat Jul 30 11:11:24 2022,209 [10672] DEBUG VT - Prepared sql query parameters : [29]
Sat Jul 30 11:11:24 2022,211 [10672] DEBUG VT - Exiting getColumnFields method ...
Sat Jul 30 11:11:24 2022,211 [10672] DEBUG user - Exiting Users() method ...
Sat Jul 30 11:11:24 2022,211 [10672] DEBUG VT - Entering getColumnFields(Users) method ...
Sat Jul 30 11:11:24 2022,211 [10672] DEBUG VT - in getColumnFields Users
Sat Jul 30 11:11:24 2022,211 [10672] DEBUG VT - Exiting getColumnFields method ...
Sat Jul 30 11:11:24 2022,214 [10672] DEBUG VT - Prepared sql query being executed : SELECT * FROM vtiger_tab
Sat Jul 30 11:11:24 2022,216 [10672] DEBUG VT - Prepared sql query being executed : SELECT fieldname,modulename,tablename,entityidfield,entityidcolumn from vtiger_entityname
Sat Jul 30 11:11:24 2022,224 [10672] DEBUG VT - Entering isPermitted(Dashboard,DetailView,) method ...
Sat Jul 30 11:11:24 2022,225 [10672] DEBUG VT - Entering getActionid(DetailView) method ...
Sat Jul 30 11:11:24 2022,225 [10672] INFO VT - get Actionid DetailView
Sat Jul 30 11:11:24 2022,226 [10672] INFO VT - action id selected is 4
Sat Jul 30 11:11:24 2022,226 [10672] DEBUG VT - Exiting getActionid method ...
Sat Jul 30 11:11:24 2022,226 [10672] DEBUG VT - Entering getActionname(4) method ...
Sat Jul 30 11:11:24 2022,226 [10672] DEBUG VT - Exiting getActionname method ...
Sat Jul 30 11:11:24 2022,226 [10672] DEBUG VT - Exiting isPermitted method ...
Sat Jul 30 11:11:51 2022,816 [10672] INFO VT - PearDatabase ->ADODB disconnect
Sat Jul 30 11:11:51 2022,917 [10672] DEBUG user - Entering Users() method ...
Sat Jul 30 11:11:51 2022,918 [10672] DEBUG VT - Entering getColumnFields(Users) method ...
Sat Jul 30 11:11:51 2022,918 [10672] DEBUG VT - in getColumnFields Users
Sat Jul 30 11:11:51 2022,918 [10672] DEBUG VT - Prepared sql query being executed : SELECT tabid, name, ownedby FROM vtiger_tab
Sat Jul 30 11:11:51 2022,918 [10672] DEBUG VT - Prepared sql query being executed : SELECT tabid, fieldname, fieldid, fieldlabel, columnname, tablename, uitype, typeofdata, presence
		FROM vtiger_field WHERE tabid in (?)
Sat Jul 30 11:11:51 2022,918 [10672] DEBUG VT - Prepared sql query parameters : [29]
Sat Jul 30 11:11:51 2022,920 [10672] DEBUG VT - Exiting getColumnFields method ...
Sat Jul 30 11:11:51 2022,920 [10672] DEBUG user - Exiting Users() method ...
Sat Jul 30 11:11:51 2022,920 [10672] DEBUG VT - Entering getColumnFields(Users) method ...
Sat Jul 30 11:11:51 2022,920 [10672] DEBUG VT - in getColumnFields Users
Sat Jul 30 11:11:51 2022,920 [10672] DEBUG VT - Exiting getColumnFields method ...
Sat Jul 30 11:11:51 2022,922 [10672] DEBUG VT - Prepared sql query being executed : SELECT * FROM vtiger_tab
Sat Jul 30 11:11:51 2022,923 [10672] DEBUG VT - Prepared sql query being executed : SELECT fieldname,modulename,tablename,entityidfield,entityidcolumn from vtiger_entityname
Sat Jul 30 11:11:51 2022,929 [10672] DEBUG VT - Entering isPermitted(Calendar,DetailView,) method ...
Sat Jul 30 11:11:51 2022,930 [10672] DEBUG VT - Entering getActionid(DetailView) method ...
Sat Jul 30 11:11:51 2022,930 [10672] INFO VT - get Actionid DetailView
Sat Jul 30 11:11:51 2022,930 [10672] INFO VT - action id selected is 4
Sat Jul 30 11:11:51 2022,930 [10672] DEBUG VT - Exiting getActionid method ...
Sat Jul 30 11:11:51 2022,930 [10672] DEBUG VT - Exiting isPermitted method ...
Sat Jul 30 11:11:51 2022,931 [10672] DEBUG VT - Prepared sql query being executed : SELECT reminderid, recordid FROM vtiger_activity_reminder_popup
								INNER JOIN vtiger_activity on vtiger_activity.activityid = vtiger_activity_reminder_popup.recordid
								INNER JOIN vtiger_crmentity ON vtiger_activity_reminder_popup.recordid = vtiger_crmentity.crmid
								WHERE vtiger_activity_reminder_popup.status = 0
								AND vtiger_crmentity.smownerid = ? AND vtiger_crmentity.deleted = 0
								AND ((DATE_FORMAT(vtiger_activity_reminder_popup.date_start,'%Y-%m-%d') <= ?)
								AND (TIME_FORMAT(vtiger_activity_reminder_popup.time_start,'%H:%i') <= ?))
								AND vtiger_activity.eventstatus <> 'Held' AND (vtiger_activity.status <> 'Completed' OR vtiger_activity.status IS NULL) LIMIT 20
Sat Jul 30 11:11:51 2022,932 [10672] DEBUG VT - Prepared sql query parameters : [1,2022-07-30,11:16]
